<?xml version="1.0" encoding="UTF-8"?>
<!-- Generated by org.testng.reporters.JUnitXMLReporter -->
<testsuite ignored="0" hostname="EN3810055" failures="0" tests="4" name="Default test" time="12.665" errors="0" timestamp="2022-11-23T17:34:29 CST">
  <testcase classname="EjerciciosViernes.Ejercicio3" name="invocarNavegador" time="4.744"/>
  <testcase classname="EjerciciosViernes.Ejercicio3" name="compararTitulos" time="0.02"/>
  <testcase classname="EjerciciosViernes.Ejercicio3" name="comandosDeNavegacion" time="7.565"/>
  <testcase classname="EjerciciosViernes.Ejercicio3" name="cerrarNavegador" time="0.274"/>
</testsuite> <!-- Default test -->
